<?xml version="1.0" encoding="UTF-8"?>
<testng-results ignored="0" total="1" passed="1" failed="0" skipped="0">
  <reporter-output>
  </reporter-output>
  <suite started-at="2023-01-15T20:36:53 GMT-05:00" name="Suite" finished-at="2023-01-15T20:37:24 GMT-05:00" duration-ms="30340">
    <groups>
    </groups>
    <test started-at="2023-01-15T20:36:53 GMT-05:00" name="Test" finished-at="2023-01-15T20:37:24 GMT-05:00" duration-ms="30340">
      <class name="testcases.TestCase">
        <test-method is-config="true" signature="beforeSuite()[pri:0, instance:testcases.TestCase@25df00a0]" started-at="2023-01-15T20:36:53 GMT-05:00" name="beforeSuite" finished-at="2023-01-15T20:36:53 GMT-05:00" duration-ms="399" status="PASS">
          <reporter-output>
          </reporter-output>
        </test-method> <!-- beforeSuite -->
        <test-method is-config="true" signature="beforeTest()[pri:0, instance:testcases.TestCase@25df00a0]" started-at="2023-01-15T20:36:53 GMT-05:00" name="beforeTest" finished-at="2023-01-15T20:36:53 GMT-05:00" duration-ms="0" status="PASS">
          <reporter-output>
          </reporter-output>
        </test-method> <!-- beforeTest -->
        <test-method is-config="true" signature="setData()[pri:0, instance:testcases.TestCase@25df00a0]" started-at="2023-01-15T20:36:53 GMT-05:00" name="setData" finished-at="2023-01-15T20:36:53 GMT-05:00" duration-ms="1" status="PASS">
          <reporter-output>
          </reporter-output>
        </test-method> <!-- setData -->
        <test-method is-config="true" signature="beforeMethod()[pri:0, instance:testcases.TestCase@25df00a0]" started-at="2023-01-15T20:36:53 GMT-05:00" name="beforeMethod" finished-at="2023-01-15T20:36:57 GMT-05:00" duration-ms="4214" status="PASS">
          <reporter-output>
          </reporter-output>
        </test-method> <!-- beforeMethod -->
        <test-method signature="testCase()[pri:0, instance:testcases.TestCase@25df00a0]" started-at="2023-01-15T20:36:57 GMT-05:00" name="testCase" finished-at="2023-01-15T20:37:23 GMT-05:00" duration-ms="25963" status="PASS">
          <reporter-output>
          </reporter-output>
        </test-method> <!-- testCase -->
        <test-method is-config="true" signature="afterMethod()[pri:0, instance:testcases.TestCase@25df00a0]" started-at="2023-01-15T20:37:23 GMT-05:00" name="afterMethod" finished-at="2023-01-15T20:37:24 GMT-05:00" duration-ms="130" status="PASS">
          <reporter-output>
          </reporter-output>
        </test-method> <!-- afterMethod -->
        <test-method is-config="true" signature="afterTest()[pri:0, instance:testcases.TestCase@25df00a0]" started-at="2023-01-15T20:37:24 GMT-05:00" name="afterTest" finished-at="2023-01-15T20:37:24 GMT-05:00" duration-ms="0" status="PASS">
          <reporter-output>
          </reporter-output>
        </test-method> <!-- afterTest -->
        <test-method is-config="true" signature="afterSuite()[pri:0, instance:testcases.TestCase@25df00a0]" started-at="2023-01-15T20:37:24 GMT-05:00" name="afterSuite" finished-at="2023-01-15T20:37:24 GMT-05:00" duration-ms="288" status="PASS">
          <reporter-output>
          </reporter-output>
        </test-method> <!-- afterSuite -->
      </class> <!-- testcases.TestCase -->
    </test> <!-- Test -->
  </suite> <!-- Suite -->
</testng-results>
